{"currency":"INR","level":"info","message":"Getting or creating parent booking","service":"payment-service","timestamp":"2025-11-02T13:18:49.105Z","tripId":"69075a1a5345b40c1c22c7ee","userId":"689af64b751c55828c0b147d"}
{"error":"Updating the path 'updatedAt' would create a conflict at 'updatedAt'","level":"error","message":"Error in getOrCreateParentBooking","service":"payment-service","timestamp":"2025-11-02T13:18:49.222Z","tripId":"69075a1a5345b40c1c22c7ee","userId":"689af64b751c55828c0b147d"}
{"currency":"INR","level":"info","message":"Getting or creating parent booking","service":"payment-service","timestamp":"2025-11-02T13:18:53.130Z","tripId":"69075a1a5345b40c1c22c7ee","userId":"689af64b751c55828c0b147d"}
{"error":"Updating the path 'updatedAt' would create a conflict at 'updatedAt'","level":"error","message":"Error in getOrCreateParentBooking","service":"payment-service","timestamp":"2025-11-02T13:18:53.275Z","tripId":"69075a1a5345b40c1c22c7ee","userId":"689af64b751c55828c0b147d"}
{"currency":"INR","level":"info","message":"Getting or creating parent booking","service":"payment-service","timestamp":"2025-11-02T13:18:54.571Z","tripId":"69075a1a5345b40c1c22c7ee","userId":"689af64b751c55828c0b147d"}
{"error":"Updating the path 'updatedAt' would create a conflict at 'updatedAt'","level":"error","message":"Error in getOrCreateParentBooking","service":"payment-service","timestamp":"2025-11-02T13:18:54.675Z","tripId":"69075a1a5345b40c1c22c7ee","userId":"689af64b751c55828c0b147d"}
{"currency":"INR","level":"info","message":"Getting or creating parent booking","service":"payment-service","timestamp":"2025-11-02T13:19:04.348Z","tripId":"69075a1a5345b40c1c22c7ee","userId":"689af64b751c55828c0b147d"}
{"error":"Updating the path 'updatedAt' would create a conflict at 'updatedAt'","level":"error","message":"Error in getOrCreateParentBooking","service":"payment-service","timestamp":"2025-11-02T13:19:04.502Z","tripId":"69075a1a5345b40c1c22c7ee","userId":"689af64b751c55828c0b147d"}
{"currency":"INR","level":"info","message":"Getting or creating parent booking","service":"payment-service","timestamp":"2025-11-02T13:24:07.185Z","tripId":"69075b596996a94543bcbd35","userId":"689af64b751c55828c0b147d"}
{"bookingId":"69075b772cb4812fe2cf7b5f","isNew":true,"level":"info","message":"Parent booking retrieved/created","service":"payment-service","timestamp":"2025-11-02T13:24:07.351Z"}
{"bookingId":"69075b772cb4812fe2cf7b5f","level":"info","message":"Service linked to booking","newTotal":9000,"price":9000,"service":"payment-service","serviceId":"69075b776996a94543bcbd6a","serviceType":"hotels","timestamp":"2025-11-02T13:24:07.628Z"}
{"currency":"INR","level":"info","message":"Getting or creating parent booking","service":"payment-service","timestamp":"2025-11-02T14:52:37.032Z","tripId":"69076e1412b28af25a8c58f5","userId":"689af64b751c55828c0b147d"}
{"bookingId":"690770352cb4812fe2cf7b65","isNew":true,"level":"info","message":"Parent booking retrieved/created","service":"payment-service","timestamp":"2025-11-02T14:52:37.222Z"}
{"bookingId":"690770352cb4812fe2cf7b65","level":"info","message":"Service linked to booking","newTotal":28950,"price":28950,"service":"payment-service","serviceId":"6907703512b28af25a8c5916","serviceType":"flights","timestamp":"2025-11-02T14:52:37.362Z"}
{"currency":"INR","level":"info","message":"Getting or creating parent booking","service":"payment-service","timestamp":"2025-11-02T14:52:51.721Z","tripId":"69076e1412b28af25a8c58f5","userId":"689af64b751c55828c0b147d"}
{"bookingId":"690770352cb4812fe2cf7b65","isNew":false,"level":"info","message":"Parent booking retrieved/created","service":"payment-service","timestamp":"2025-11-02T14:52:51.815Z"}
{"bookingId":"690770352cb4812fe2cf7b65","level":"info","message":"Service linked to booking","newTotal":37950,"price":9000,"service":"payment-service","serviceId":"6907704312b28af25a8c5943","serviceType":"hotels","timestamp":"2025-11-02T14:52:52.007Z"}
{"currency":"INR","level":"info","message":"Getting or creating parent booking","service":"payment-service","timestamp":"2025-11-08T06:51:33.670Z","tripId":"690ee822f3a7657a7cf49a55","userId":"689af64b751c55828c0b147d"}
{"bookingId":"690ee875be45c23e9c634cf6","isNew":true,"level":"info","message":"Parent booking retrieved/created","service":"payment-service","timestamp":"2025-11-08T06:51:33.765Z"}
{"bookingId":"690ee875be45c23e9c634cf6","level":"info","message":"Service linked to booking","newTotal":30952,"price":30952,"service":"payment-service","serviceId":"690ee875f3a7657a7cf49a62","serviceType":"flights","timestamp":"2025-11-08T06:51:33.888Z"}
{"currency":"INR","level":"info","message":"Getting or creating parent booking","service":"payment-service","timestamp":"2025-11-08T06:51:45.755Z","tripId":"690ee822f3a7657a7cf49a55","userId":"689af64b751c55828c0b147d"}
{"bookingId":"690ee875be45c23e9c634cf6","isNew":false,"level":"info","message":"Parent booking retrieved/created","service":"payment-service","timestamp":"2025-11-08T06:51:45.816Z"}
{"bookingId":"690ee875be45c23e9c634cf6","level":"info","message":"Service linked to booking","newTotal":36643,"price":5691,"service":"payment-service","serviceId":"690ee881f3a7657a7cf49a67","serviceType":"hotels","timestamp":"2025-11-08T06:51:45.952Z"}
{"currency":"INR","level":"info","message":"Getting or creating parent booking","service":"payment-service","timestamp":"2025-11-08T06:51:50.164Z","tripId":"690ee822f3a7657a7cf49a55","userId":"689af64b751c55828c0b147d"}
{"bookingId":"690ee875be45c23e9c634cf6","isNew":false,"level":"info","message":"Parent booking retrieved/created","service":"payment-service","timestamp":"2025-11-08T06:51:50.239Z"}
{"bookingId":"690ee875be45c23e9c634cf6","level":"info","message":"Service linked to booking","newTotal":52239,"price":15596,"service":"payment-service","serviceId":"690ee886f3a7657a7cf49a6d","serviceType":"hotels","timestamp":"2025-11-08T06:51:50.366Z"}
{"currency":"INR","level":"info","message":"Getting or creating parent booking","service":"payment-service","timestamp":"2025-11-08T06:51:53.096Z","tripId":"690ee822f3a7657a7cf49a55","userId":"689af64b751c55828c0b147d"}
{"bookingId":"690ee875be45c23e9c634cf6","isNew":false,"level":"info","message":"Parent booking retrieved/created","service":"payment-service","timestamp":"2025-11-08T06:51:53.151Z"}
{"bookingId":"690ee875be45c23e9c634cf6","level":"info","message":"Service linked to booking","newTotal":74735,"price":22496,"service":"payment-service","serviceId":"690ee889f3a7657a7cf49a73","serviceType":"hotels","timestamp":"2025-11-08T06:51:53.261Z"}
{"currency":"INR","level":"info","message":"Getting or creating parent booking","service":"payment-service","timestamp":"2025-11-08T06:51:55.471Z","tripId":"690ee822f3a7657a7cf49a55","userId":"689af64b751c55828c0b147d"}
{"bookingId":"690ee875be45c23e9c634cf6","isNew":false,"level":"info","message":"Parent booking retrieved/created","service":"payment-service","timestamp":"2025-11-08T06:51:55.549Z"}
{"bookingId":"690ee875be45c23e9c634cf6","level":"info","message":"Service linked to booking","newTotal":80426,"price":5691,"service":"payment-service","serviceId":"690ee88bf3a7657a7cf49a79","serviceType":"hotels","timestamp":"2025-11-08T06:51:55.654Z"}
{"currency":"INR","level":"info","message":"Getting or creating parent booking","service":"payment-service","timestamp":"2025-11-08T08:08:04.036Z","tripId":"690efa58f3a7657a7cf49a90","userId":"689af64b751c55828c0b147d"}
{"bookingId":"690efa64be45c23e9c634d45","isNew":true,"level":"info","message":"Parent booking retrieved/created","service":"payment-service","timestamp":"2025-11-08T08:08:04.114Z"}
{"bookingId":"690efa64be45c23e9c634d45","level":"info","message":"Service linked to booking","newTotal":30242,"price":30242,"service":"payment-service","serviceId":"690efa64f3a7657a7cf49a9d","serviceType":"flights","timestamp":"2025-11-08T08:08:04.242Z"}
{"currency":"INR","level":"info","message":"Getting or creating parent booking","service":"payment-service","timestamp":"2025-11-08T08:08:12.320Z","tripId":"690efa58f3a7657a7cf49a90","userId":"689af64b751c55828c0b147d"}
{"bookingId":"690efa64be45c23e9c634d45","isNew":false,"level":"info","message":"Parent booking retrieved/created","service":"payment-service","timestamp":"2025-11-08T08:08:12.406Z"}
{"bookingId":"690efa64be45c23e9c634d45","level":"info","message":"Service linked to booking","newTotal":38384,"price":8142,"service":"payment-service","serviceId":"690efa6cf3a7657a7cf49aca","serviceType":"hotels","timestamp":"2025-11-08T08:08:12.542Z"}
{"bookingId":"690efa64be45c23e9c634d45","error":"Schema hasn't been registered for model \"Traveller\".\nUse mongoose.model(name, schema)","level":"error","message":"Get booking details error","service":"payment-service","timestamp":"2025-11-08T08:09:00.529Z"}
{"currency":"INR","level":"info","message":"Getting or creating parent booking","service":"payment-service","timestamp":"2025-11-08T09:12:49.740Z","tripId":"690f097e4c1db3c118ea496a","userId":"689af64b751c55828c0b147d"}
{"bookingId":"690f0991be45c23e9c634d92","isNew":true,"level":"info","message":"Parent booking retrieved/created","service":"payment-service","timestamp":"2025-11-08T09:12:49.843Z"}
{"bookingId":"690f0991be45c23e9c634d92","level":"info","message":"Service linked to booking","newTotal":30216,"price":30216,"service":"payment-service","serviceId":"690f09914c1db3c118ea4977","serviceType":"flights","timestamp":"2025-11-08T09:12:50.041Z"}
{"currency":"INR","level":"info","message":"Getting or creating parent booking","service":"payment-service","timestamp":"2025-11-08T09:13:00.072Z","tripId":"690f097e4c1db3c118ea496a","userId":"689af64b751c55828c0b147d"}
{"bookingId":"690f0991be45c23e9c634d92","isNew":false,"level":"info","message":"Parent booking retrieved/created","service":"payment-service","timestamp":"2025-11-08T09:13:00.149Z"}
{"bookingId":"690f0991be45c23e9c634d92","level":"info","message":"Service linked to booking","newTotal":35907,"price":5691,"service":"payment-service","serviceId":"690f099c4c1db3c118ea49a4","serviceType":"hotels","timestamp":"2025-11-08T09:13:00.350Z"}
{"bookingId":"690f0991be45c23e9c634d92","error":"Schema hasn't been registered for model \"Traveller\".\nUse mongoose.model(name, schema)","level":"error","message":"Get booking details error","service":"payment-service","timestamp":"2025-11-08T09:13:18.192Z"}
{"bookingId":"690f0991be45c23e9c634d92","error":"Schema hasn't been registered for model \"Traveller\".\nUse mongoose.model(name, schema)","level":"error","message":"Get booking details error","service":"payment-service","timestamp":"2025-11-08T09:26:14.817Z"}
{"currency":"INR","level":"info","message":"Getting or creating parent booking","service":"payment-service","timestamp":"2025-11-08T09:38:00.027Z","tripId":"690f0f69fe6968c11d543d70","userId":"689af64b751c55828c0b147d"}
{"bookingId":"690f0f78be45c23e9c634d9a","isNew":true,"level":"info","message":"Parent booking retrieved/created","service":"payment-service","timestamp":"2025-11-08T09:38:00.127Z"}
{"bookingId":"690f0f78be45c23e9c634d9a","level":"info","message":"Service linked to booking","newTotal":29076,"price":29076,"service":"payment-service","serviceId":"690f0f78fe6968c11d543d7d","serviceType":"flights","timestamp":"2025-11-08T09:38:00.242Z"}
{"bookingId":"690f0f78be45c23e9c634d9a","error":"Cannot populate path `Traveler.travelerId` because it is not in your schema. Set the `strictPopulate` option to false to override.","level":"error","message":"Get booking details error","service":"payment-service","timestamp":"2025-11-08T09:38:13.300Z"}
{"bookingId":"690f0f78be45c23e9c634d9a","error":"Schema hasn't been registered for model \"Traveller\".\nUse mongoose.model(name, schema)","level":"error","message":"Get booking details error","service":"payment-service","timestamp":"2025-11-08T09:39:39.146Z"}
{"currency":"INR","level":"info","message":"Getting or creating parent booking","service":"payment-service","timestamp":"2025-11-08T10:33:27.037Z","tripId":"690f1c6598f10a6814b6fbb8","userId":"689af64b751c55828c0b147d"}
{"bookingId":"690f1c77be45c23e9c634d9b","isNew":true,"level":"info","message":"Parent booking retrieved/created","service":"payment-service","timestamp":"2025-11-08T10:33:27.116Z"}
{"bookingId":"690f1c77be45c23e9c634d9b","level":"info","message":"Service linked to booking","newTotal":29076,"price":29076,"service":"payment-service","serviceId":"690f1c7798f10a6814b6fbc5","serviceType":"flights","timestamp":"2025-11-08T10:33:27.225Z"}
{"currency":"INR","level":"info","message":"Getting or creating parent booking","service":"payment-service","timestamp":"2025-11-08T11:09:53.462Z","tripId":"690f24f198f10a6814b6fbf3","userId":"689af64b751c55828c0b147d"}
{"bookingId":"690f2501be45c23e9c634da1","isNew":true,"level":"info","message":"Parent booking retrieved/created","service":"payment-service","timestamp":"2025-11-08T11:09:53.546Z"}
{"bookingId":"690f2501be45c23e9c634da1","level":"info","message":"Service linked to booking","newTotal":15121,"price":15121,"service":"payment-service","serviceId":"690f250198f10a6814b6fc00","serviceType":"flights","timestamp":"2025-11-08T11:09:53.673Z"}
{"currency":"INR","level":"info","message":"Getting or creating parent booking","service":"payment-service","timestamp":"2025-11-08T12:52:47.743Z","tripId":"690f3cfe98f10a6814b6fc13","userId":"689af64b751c55828c0b147d"}
{"bookingId":"690f3d1fbe45c23e9c634da5","isNew":true,"level":"info","message":"Parent booking retrieved/created","service":"payment-service","timestamp":"2025-11-08T12:52:47.822Z"}
{"bookingId":"690f3d1fbe45c23e9c634da5","level":"info","message":"Service linked to booking","newTotal":29076,"price":29076,"service":"payment-service","serviceId":"690f3d1f98f10a6814b6fc20","serviceType":"flights","timestamp":"2025-11-08T12:52:47.891Z"}
{"currency":"INR","level":"info","message":"Getting or creating parent booking","service":"payment-service","timestamp":"2025-11-08T12:55:46.152Z","tripId":"690f3cfe98f10a6814b6fc13","userId":"689af64b751c55828c0b147d"}
{"bookingId":"690f3d1fbe45c23e9c634da5","isNew":false,"level":"info","message":"Parent booking retrieved/created","service":"payment-service","timestamp":"2025-11-08T12:55:46.196Z"}
{"bookingId":"690f3d1fbe45c23e9c634da5","level":"info","message":"Service linked to booking","newTotal":58152,"price":29076,"service":"payment-service","serviceId":"690f3dd298f10a6814b6fc30","serviceType":"flights","timestamp":"2025-11-08T12:55:46.264Z"}
{"currency":"INR","level":"info","message":"Getting or creating parent booking","service":"payment-service","timestamp":"2025-11-08T13:44:30.151Z","tripId":"690f492a98f10a6814b6fc42","userId":"689af64b751c55828c0b147d"}
{"bookingId":"690f493ebe45c23e9c634da8","isNew":true,"level":"info","message":"Parent booking retrieved/created","service":"payment-service","timestamp":"2025-11-08T13:44:30.266Z"}
{"bookingId":"690f493ebe45c23e9c634da8","level":"info","message":"Service linked to booking","newTotal":28082,"price":28082,"service":"payment-service","serviceId":"690f493e98f10a6814b6fc4f","serviceType":"flights","timestamp":"2025-11-08T13:44:30.403Z"}
{"currency":"INR","level":"info","message":"Getting or creating parent booking","service":"payment-service","timestamp":"2025-11-09T12:51:29.755Z","tripId":"69108e3b04b6e9eca7de2506","userId":"689af64b751c55828c0b147d"}
{"bookingId":"69108e51be45c23e9c634df1","isNew":true,"level":"info","message":"Parent booking retrieved/created","service":"payment-service","timestamp":"2025-11-09T12:51:29.817Z"}
{"bookingId":"69108e51be45c23e9c634df1","level":"info","message":"Service linked to booking","newTotal":29076,"price":29076,"service":"payment-service","serviceId":"69108e5104b6e9eca7de2513","serviceType":"flights","timestamp":"2025-11-09T12:51:29.893Z"}
{"currency":"INR","level":"info","message":"Getting or creating parent booking","service":"payment-service","timestamp":"2025-11-09T13:00:14.712Z","tripId":"6910904f04b6e9eca7de253a","userId":"689af64b751c55828c0b147d"}
{"bookingId":"6910905ebe45c23e9c634df2","isNew":true,"level":"info","message":"Parent booking retrieved/created","service":"payment-service","timestamp":"2025-11-09T13:00:14.766Z"}
{"bookingId":"6910905ebe45c23e9c634df2","level":"info","message":"Service linked to booking","newTotal":30672,"price":30672,"service":"payment-service","serviceId":"6910905e04b6e9eca7de2547","serviceType":"flights","timestamp":"2025-11-09T13:00:14.879Z"}
{"currency":"INR","level":"info","message":"Getting or creating parent booking","service":"payment-service","timestamp":"2025-11-09T13:28:20.077Z","tripId":"691096de04b6e9eca7de2567","userId":"689af64b751c55828c0b147d"}
{"bookingId":"691096f4be45c23e9c634dfa","isNew":true,"level":"info","message":"Parent booking retrieved/created","service":"payment-service","timestamp":"2025-11-09T13:28:20.164Z"}
{"bookingId":"691096f4be45c23e9c634dfa","level":"info","message":"Service linked to booking","newTotal":29076,"price":29076,"service":"payment-service","serviceId":"691096f404b6e9eca7de2574","serviceType":"flights","timestamp":"2025-11-09T13:28:20.271Z"}
{"currency":"INR","level":"info","message":"Getting or creating parent booking","service":"payment-service","timestamp":"2025-11-09T13:28:43.256Z","tripId":"691096de04b6e9eca7de2567","userId":"689af64b751c55828c0b147d"}
{"bookingId":"691096f4be45c23e9c634dfa","isNew":false,"level":"info","message":"Parent booking retrieved/created","service":"payment-service","timestamp":"2025-11-09T13:28:43.364Z"}
{"bookingId":"691096f4be45c23e9c634dfa","level":"info","message":"Service linked to booking","newTotal":51572,"price":22496,"service":"payment-service","serviceId":"6910970b04b6e9eca7de25a1","serviceType":"hotels","timestamp":"2025-11-09T13:28:43.518Z"}
{"currency":"INR","level":"info","message":"Getting or creating parent booking","service":"payment-service","timestamp":"2025-11-13T14:19:25.289Z","tripId":"6915e8e204b6e9eca7de25c0","userId":"689af64b751c55828c0b147d"}
{"bookingId":"6915e8edb55416041cbe52f0","isNew":true,"level":"info","message":"Parent booking retrieved/created","service":"payment-service","timestamp":"2025-11-13T14:19:25.447Z"}
{"bookingId":"6915e8edb55416041cbe52f0","level":"info","message":"Service linked to booking","newTotal":29318,"price":29318,"service":"payment-service","serviceId":"6915e8ed04b6e9eca7de25cd","serviceType":"flights","timestamp":"2025-11-13T14:19:25.567Z"}
{"currency":"INR","level":"info","message":"Getting or creating parent booking","service":"payment-service","timestamp":"2025-11-13T14:19:39.341Z","tripId":"6915e8e204b6e9eca7de25c0","userId":"689af64b751c55828c0b147d"}
{"bookingId":"6915e8edb55416041cbe52f0","isNew":false,"level":"info","message":"Parent booking retrieved/created","service":"payment-service","timestamp":"2025-11-13T14:19:39.427Z"}
{"bookingId":"6915e8edb55416041cbe52f0","level":"info","message":"Service linked to booking","newTotal":51814,"price":22496,"service":"payment-service","serviceId":"6915e8fb04b6e9eca7de25fa","serviceType":"hotels","timestamp":"2025-11-13T14:19:39.550Z"}
{"currency":"INR","level":"info","message":"Getting or creating parent booking","service":"payment-service","timestamp":"2025-11-13T14:20:57.608Z","tripId":"6915e8e204b6e9eca7de25c0","userId":"689af64b751c55828c0b147d"}
{"bookingId":"6915e8edb55416041cbe52f0","isNew":false,"level":"info","message":"Parent booking retrieved/created","service":"payment-service","timestamp":"2025-11-13T14:20:57.652Z"}
{"bookingId":"6915e8edb55416041cbe52f0","level":"info","message":"Service linked to booking","newTotal":81132,"price":29318,"service":"payment-service","serviceId":"6915e94904b6e9eca7de2610","serviceType":"flights","timestamp":"2025-11-13T14:20:57.723Z"}
{"currency":"INR","level":"info","message":"Getting or creating parent booking","service":"payment-service","timestamp":"2025-11-13T14:21:05.150Z","tripId":"6915e8e204b6e9eca7de25c0","userId":"689af64b751c55828c0b147d"}
{"bookingId":"6915e8edb55416041cbe52f0","isNew":false,"level":"info","message":"Parent booking retrieved/created","service":"payment-service","timestamp":"2025-11-13T14:21:05.209Z"}
{"bookingId":"6915e8edb55416041cbe52f0","level":"info","message":"Service linked to booking","newTotal":91632,"price":10500,"service":"payment-service","serviceId":"6915e95104b6e9eca7de263d","serviceType":"hotels","timestamp":"2025-11-13T14:21:05.288Z"}
{"currency":"INR","level":"info","message":"Getting or creating parent booking","service":"payment-service","timestamp":"2025-11-13T14:23:20.811Z","tripId":"6915e8e204b6e9eca7de25c0","userId":"689af64b751c55828c0b147d"}
{"bookingId":"6915e8edb55416041cbe52f0","isNew":false,"level":"info","message":"Parent booking retrieved/created","service":"payment-service","timestamp":"2025-11-13T14:23:20.859Z"}
{"bookingId":"6915e8edb55416041cbe52f0","level":"info","message":"Service linked to booking","newTotal":120950,"price":29318,"service":"payment-service","serviceId":"6915e9d804b6e9eca7de264e","serviceType":"flights","timestamp":"2025-11-13T14:23:20.943Z"}
{"currency":"INR","level":"info","message":"Getting or creating parent booking","service":"payment-service","timestamp":"2025-11-13T14:26:35.833Z","tripId":"6915ea8c0ecb5ee2e7fb18a0","userId":"689af64b751c55828c0b147d"}
{"bookingId":"6915ea9bb55416041cbe5302","isNew":true,"level":"info","message":"Parent booking retrieved/created","service":"payment-service","timestamp":"2025-11-13T14:26:35.886Z"}
{"bookingId":"6915ea9bb55416041cbe5302","level":"info","message":"Service linked to booking","newTotal":28600,"price":28600,"service":"payment-service","serviceId":"6915ea9b0ecb5ee2e7fb18ad","serviceType":"flights","timestamp":"2025-11-13T14:26:35.956Z"}
{"currency":"INR","level":"info","message":"Getting or creating parent booking","service":"payment-service","timestamp":"2025-11-13T14:31:39.044Z","tripId":"6915ea8c0ecb5ee2e7fb18a0","userId":"689af64b751c55828c0b147d"}
{"bookingId":"6915ea9bb55416041cbe5302","isNew":false,"level":"info","message":"Parent booking retrieved/created","service":"payment-service","timestamp":"2025-11-13T14:31:39.094Z"}
{"bookingId":"6915ea9bb55416041cbe5302","level":"info","message":"Service linked to booking","newTotal":57200,"price":28600,"service":"payment-service","serviceId":"6915ebcb0ecb5ee2e7fb18bd","serviceType":"flights","timestamp":"2025-11-13T14:31:39.181Z"}
{"currency":"INR","level":"info","message":"Getting or creating parent booking","service":"payment-service","timestamp":"2025-11-13T14:34:04.983Z","tripId":"6915ec4b0ecb5ee2e7fb18cc","userId":"689af64b751c55828c0b147d"}
{"bookingId":"6915ec5db55416041cbe530a","isNew":true,"level":"info","message":"Parent booking retrieved/created","service":"payment-service","timestamp":"2025-11-13T14:34:05.055Z"}
{"bookingId":"6915ec5db55416041cbe530a","level":"info","message":"Service linked to booking","newTotal":29318,"price":29318,"service":"payment-service","serviceId":"6915ec5d0ecb5ee2e7fb18d9","serviceType":"flights","timestamp":"2025-11-13T14:34:05.128Z"}
{"currency":"INR","level":"info","message":"Getting or creating parent booking","service":"payment-service","timestamp":"2025-11-13T15:04:08.172Z","tripId":"6915ec4b0ecb5ee2e7fb18cc","userId":"689af64b751c55828c0b147d"}
{"bookingId":"6915ec5db55416041cbe530a","isNew":false,"level":"info","message":"Parent booking retrieved/created","service":"payment-service","timestamp":"2025-11-13T15:04:08.234Z"}
{"bookingId":"6915ec5db55416041cbe530a","level":"info","message":"Service linked to booking","newTotal":58636,"price":29318,"service":"payment-service","serviceId":"6915f3680ecb5ee2e7fb18f1","serviceType":"flights","timestamp":"2025-11-13T15:04:08.305Z"}
{"currency":"INR","level":"info","message":"Getting or creating parent booking","service":"payment-service","timestamp":"2025-11-13T15:13:37.950Z","tripId":"6915ec4b0ecb5ee2e7fb18cc","userId":"689af64b751c55828c0b147d"}
{"bookingId":"6915ec5db55416041cbe530a","isNew":false,"level":"info","message":"Parent booking retrieved/created","service":"payment-service","timestamp":"2025-11-13T15:13:37.997Z"}
{"bookingId":"6915ec5db55416041cbe530a","level":"info","message":"Service linked to booking","newTotal":87954,"price":29318,"service":"payment-service","serviceId":"6915f5a10ecb5ee2e7fb18fc","serviceType":"flights","timestamp":"2025-11-13T15:13:38.071Z"}
{"currency":"INR","level":"info","message":"Getting or creating parent booking","service":"payment-service","timestamp":"2025-11-16T13:57:43.518Z","tripId":"6919d8425755ab4de9e1197c","userId":"689af64b751c55828c0b147d"}
{"bookingId":"6919d857b55416041cbe56ce","isNew":true,"level":"info","message":"Parent booking retrieved/created","service":"payment-service","timestamp":"2025-11-16T13:57:43.592Z"}
{"bookingId":"6919d857b55416041cbe56ce","level":"info","message":"Service linked to booking","newTotal":29214,"price":29214,"service":"payment-service","serviceId":"6919d8575755ab4de9e11989","serviceType":"flights","timestamp":"2025-11-16T13:57:43.662Z"}
{"currency":"INR","level":"info","message":"Getting or creating parent booking","service":"payment-service","timestamp":"2025-11-23T07:37:56.907Z","tripId":"6922b9c45755ab4de9e11996","userId":"689af64b751c55828c0b147d"}
{"bookingId":"6922b9d416cd631bdb745d72","isNew":true,"level":"info","message":"Parent booking retrieved/created","service":"payment-service","timestamp":"2025-11-23T07:37:56.984Z"}
{"bookingId":"6922b9d416cd631bdb745d72","level":"info","message":"Service linked to booking","newTotal":29382,"price":29382,"service":"payment-service","serviceId":"6922b9d45755ab4de9e119a3","serviceType":"flights","timestamp":"2025-11-23T07:37:57.085Z"}
{"currency":"INR","level":"info","message":"Getting or creating parent booking","service":"payment-service","timestamp":"2025-11-23T07:38:06.576Z","tripId":"6922b9c45755ab4de9e11996","userId":"689af64b751c55828c0b147d"}
{"bookingId":"6922b9d416cd631bdb745d72","isNew":false,"level":"info","message":"Parent booking retrieved/created","service":"payment-service","timestamp":"2025-11-23T07:38:06.664Z"}
{"bookingId":"6922b9d416cd631bdb745d72","level":"info","message":"Service linked to booking","newTotal":99942,"price":70560,"service":"payment-service","serviceId":"6922b9de5755ab4de9e119a8","serviceType":"hotels","timestamp":"2025-11-23T07:38:06.869Z"}
{"currency":"INR","level":"info","message":"Getting or creating parent booking","service":"payment-service","timestamp":"2025-11-25T13:30:10.305Z","tripId":"6925af4c33109883a6ea79ec","userId":"689af64b751c55828c0b147d"}
{"bookingId":"6925af6216cd631bdb747cb7","isNew":true,"level":"info","message":"Parent booking retrieved/created","service":"payment-service","timestamp":"2025-11-25T13:30:10.366Z"}
{"bookingId":"6925af6216cd631bdb747cb7","level":"info","message":"Service linked to booking","newTotal":29408,"price":29408,"service":"payment-service","serviceId":"6925af6233109883a6ea79f9","serviceType":"flights","timestamp":"2025-11-25T13:30:10.437Z"}
{"currency":"INR","level":"info","message":"Getting or creating parent booking","service":"payment-service","timestamp":"2025-11-25T13:56:43.789Z","tripId":"6925b58d0e65653d86194f82","userId":"689af64b751c55828c0b147d"}
{"bookingId":"6925b59b16cd631bdb747d1d","isNew":true,"level":"info","message":"Parent booking retrieved/created","service":"payment-service","timestamp":"2025-11-25T13:56:43.862Z"}
{"currency":"INR","level":"info","message":"Getting or creating parent booking","service":"payment-service","timestamp":"2025-11-25T14:01:06.727Z","tripId":"6925b58d0e65653d86194f82","userId":"689af64b751c55828c0b147d"}
{"bookingId":"6925b59b16cd631bdb747d1d","isNew":true,"level":"info","message":"Parent booking retrieved/created","service":"payment-service","timestamp":"2025-11-25T14:01:06.798Z"}
{"currency":"INR","level":"info","message":"Getting or creating parent booking","service":"payment-service","timestamp":"2025-11-25T14:31:07.262Z","tripId":"6925bd980aa423bf734de3c5","userId":"689af64b751c55828c0b147d"}
{"bookingId":"6925bdab16cd631bdb747d47","isNew":true,"level":"info","message":"Parent booking retrieved/created","service":"payment-service","timestamp":"2025-11-25T14:31:07.371Z"}
{"currency":"INR","level":"info","message":"Getting or creating parent booking","service":"payment-service","timestamp":"2025-11-29T06:27:01.762Z","tripId":"692a92290aa423bf734de3d9","userId":"689af64b751c55828c0b147d"}
{"bookingId":"692a923516cd631bdb74ae04","isNew":true,"level":"info","message":"Parent booking retrieved/created","service":"payment-service","timestamp":"2025-11-29T06:27:01.826Z"}
{"currency":"INR","level":"info","message":"Getting or creating parent booking","service":"payment-service","timestamp":"2025-11-29T06:54:20.148Z","tripId":"692a988d66197669fea2f3ae","userId":"689af64b751c55828c0b147d"}
{"bookingId":"692a989c16cd631bdb74ae24","isNew":true,"level":"info","message":"Parent booking retrieved/created","service":"payment-service","timestamp":"2025-11-29T06:54:20.223Z"}
{"currency":"INR","level":"info","message":"Getting or creating parent booking","service":"payment-service","timestamp":"2025-11-29T07:19:31.486Z","tripId":"692a9e6da4f4f0db1669f7a0","userId":"689af64b751c55828c0b147d"}
{"bookingId":"692a9e8316cd631bdb74ae2a","isNew":true,"level":"info","message":"Parent booking retrieved/created","service":"payment-service","timestamp":"2025-11-29T07:19:31.541Z"}
{"currency":"INR","level":"info","message":"Getting or creating parent booking","service":"payment-service","timestamp":"2025-11-30T06:45:38.165Z","tripId":"692be7fd95253ac997d1e7b1","userId":"689af64b751c55828c0b147d"}
{"bookingId":"692be81216cd631bdb74b25b","isNew":true,"level":"info","message":"Parent booking retrieved/created","service":"payment-service","timestamp":"2025-11-30T06:45:38.460Z"}
{"bookingId":"692be81216cd631bdb74b25b","level":"info","message":"Service linked to booking","newTotal":63548,"price":63548,"service":"payment-service","serviceId":"692be81295253ac997d1e7be","serviceType":"flights","timestamp":"2025-11-30T06:45:38.564Z"}
{"currency":"INR","level":"info","message":"Getting or creating parent booking","service":"payment-service","timestamp":"2025-11-30T08:02:17.253Z","tripId":"692bf9eb63e0bb6e49c24ae3","userId":"689af64b751c55828c0b147d"}
{"bookingId":"692bfa0916cd631bdb74b2ec","isNew":true,"level":"info","message":"Parent booking retrieved/created","service":"payment-service","timestamp":"2025-11-30T08:02:17.393Z"}
{"bookingId":"692bfa0916cd631bdb74b2ec","level":"info","message":"Service linked to booking","newTotal":63548,"price":63548,"service":"payment-service","serviceId":"692bfa0963e0bb6e49c24af0","serviceType":"flights","timestamp":"2025-11-30T08:02:17.474Z"}
{"currency":"INR","level":"info","message":"Getting or creating parent booking","service":"payment-service","timestamp":"2025-11-30T08:24:57.844Z","tripId":"692bff4963e0bb6e49c24b16","userId":"689af64b751c55828c0b147d"}
{"bookingId":"692bff5916cd631bdb74b376","isNew":true,"level":"info","message":"Parent booking retrieved/created","service":"payment-service","timestamp":"2025-11-30T08:24:57.923Z"}
{"bookingId":"692bff5916cd631bdb74b376","level":"info","message":"Service linked to booking","newTotal":63548,"price":63548,"service":"payment-service","serviceId":"692bff5963e0bb6e49c24b23","serviceType":"flights","timestamp":"2025-11-30T08:24:58.011Z"}
{"currency":"INR","level":"info","message":"Getting or creating parent booking","service":"payment-service","timestamp":"2025-11-30T08:33:48.878Z","tripId":"692c015963e0bb6e49c24b33","userId":"689af64b751c55828c0b147d"}
{"bookingId":"692c016d16cd631bdb74b3aa","isNew":true,"level":"info","message":"Parent booking retrieved/created","service":"payment-service","timestamp":"2025-11-30T08:33:48.961Z"}
{"bookingId":"692c016d16cd631bdb74b3aa","level":"info","message":"Service linked to booking","newTotal":63548,"price":63548,"service":"payment-service","serviceId":"692c016c63e0bb6e49c24b40","serviceType":"flights","timestamp":"2025-11-30T08:33:49.052Z"}
{"currency":"INR","level":"info","message":"Getting or creating parent booking","service":"payment-service","timestamp":"2025-11-30T08:34:30.561Z","tripId":"692c015963e0bb6e49c24b33","userId":"689af64b751c55828c0b147d"}
{"bookingId":"692c016d16cd631bdb74b3aa","isNew":false,"level":"info","message":"Parent booking retrieved/created","service":"payment-service","timestamp":"2025-11-30T08:34:30.615Z"}
{"bookingId":"692c016d16cd631bdb74b3aa","level":"info","message":"Service linked to booking","newTotal":127096,"price":63548,"service":"payment-service","serviceId":"692c019663e0bb6e49c24b52","serviceType":"flights","timestamp":"2025-11-30T08:34:30.694Z"}
{"currency":"INR","level":"info","message":"Getting or creating parent booking","service":"payment-service","timestamp":"2025-11-30T08:39:02.226Z","tripId":"692c029263e0bb6e49c24b62","userId":"692c027663e0bb6e49c24b60"}
{"bookingId":"692c02a616cd631bdb74b3cb","isNew":true,"level":"info","message":"Parent booking retrieved/created","service":"payment-service","timestamp":"2025-11-30T08:39:02.313Z"}
{"bookingId":"692c02a616cd631bdb74b3cb","level":"info","message":"Service linked to booking","newTotal":86408,"price":86408,"service":"payment-service","serviceId":"692c02a663e0bb6e49c24b6f","serviceType":"flights","timestamp":"2025-11-30T08:39:02.393Z"}
{"currency":"INR","level":"info","message":"Getting or creating parent booking","service":"payment-service","timestamp":"2025-11-30T09:08:20.275Z","tripId":"692c029263e0bb6e49c24b62","userId":"692c027663e0bb6e49c24b60"}
{"bookingId":"692c02a616cd631bdb74b3cb","isNew":false,"level":"info","message":"Parent booking retrieved/created","service":"payment-service","timestamp":"2025-11-30T09:08:20.660Z"}
{"bookingId":"692c02a616cd631bdb74b3cb","level":"info","message":"Service linked to booking","newTotal":149956,"price":63548,"service":"payment-service","serviceId":"692c098463e0bb6e49c24b93","serviceType":"flights","timestamp":"2025-11-30T09:08:20.744Z"}
{"currency":"INR","level":"info","message":"Getting or creating parent booking","service":"payment-service","timestamp":"2025-11-30T09:09:11.497Z","tripId":"692c029263e0bb6e49c24b62","userId":"692c027663e0bb6e49c24b60"}
{"bookingId":"692c02a616cd631bdb74b3cb","isNew":false,"level":"info","message":"Parent booking retrieved/created","service":"payment-service","timestamp":"2025-11-30T09:09:11.667Z"}
{"bookingId":"692c02a616cd631bdb74b3cb","level":"info","message":"Service linked to booking","newTotal":213504,"price":63548,"service":"payment-service","serviceId":"692c09b763e0bb6e49c24ba5","serviceType":"flights","timestamp":"2025-11-30T09:09:11.792Z"}
{"currency":"INR","level":"info","message":"Getting or creating parent booking","service":"payment-service","timestamp":"2025-11-30T12:24:07.976Z","tripId":"692c375063e0bb6e49c24bb5","userId":"689af64b751c55828c0b147d"}
{"bookingId":"692c376816cd631bdb74b480","isNew":true,"level":"info","message":"Parent booking retrieved/created","service":"payment-service","timestamp":"2025-11-30T12:24:08.070Z"}
{"bookingId":"692c376816cd631bdb74b480","level":"info","message":"Service linked to booking","newTotal":58840,"price":58840,"service":"payment-service","serviceId":"692c376863e0bb6e49c24bc2","serviceType":"flights","timestamp":"2025-11-30T12:24:08.157Z"}
{"currency":"INR","level":"info","message":"Getting or creating parent booking","service":"payment-service","timestamp":"2025-11-30T12:26:23.885Z","tripId":"692c37df63e0bb6e49c24bd6","userId":"692c027663e0bb6e49c24b60"}
{"bookingId":"692c37f016cd631bdb74b484","isNew":true,"level":"info","message":"Parent booking retrieved/created","service":"payment-service","timestamp":"2025-11-30T12:26:23.951Z"}
{"bookingId":"692c37f016cd631bdb74b484","level":"info","message":"Service linked to booking","newTotal":63548,"price":63548,"service":"payment-service","serviceId":"692c37ef63e0bb6e49c24be3","serviceType":"flights","timestamp":"2025-11-30T12:26:24.040Z"}
{"currency":"INR","level":"info","message":"Getting or creating parent booking","service":"payment-service","timestamp":"2025-11-30T12:34:37.367Z","tripId":"692c39cd63e0bb6e49c24bf6","userId":"692c39a363e0bb6e49c24bf4"}
{"bookingId":"692c39dd16cd631bdb74b488","isNew":true,"level":"info","message":"Parent booking retrieved/created","service":"payment-service","timestamp":"2025-11-30T12:34:37.443Z"}
{"bookingId":"692c39dd16cd631bdb74b488","level":"info","message":"Service linked to booking","newTotal":63548,"price":63548,"service":"payment-service","serviceId":"692c39dd63e0bb6e49c24c03","serviceType":"flights","timestamp":"2025-11-30T12:34:37.538Z"}
{"currency":"INR","level":"info","message":"Getting or creating parent booking","service":"payment-service","timestamp":"2025-11-30T12:37:45.909Z","tripId":"692c39cd63e0bb6e49c24bf6","userId":"692c39a363e0bb6e49c24bf4"}
{"bookingId":"692c39dd16cd631bdb74b488","isNew":false,"level":"info","message":"Parent booking retrieved/created","service":"payment-service","timestamp":"2025-11-30T12:37:46.024Z"}
{"bookingId":"692c39dd16cd631bdb74b488","level":"info","message":"Service linked to booking","newTotal":127096,"price":63548,"service":"payment-service","serviceId":"692c3a9a63e0bb6e49c24c15","serviceType":"flights","timestamp":"2025-11-30T12:37:46.148Z"}
{"currency":"INR","level":"info","message":"Getting or creating parent booking","service":"payment-service","timestamp":"2025-11-30T12:39:11.999Z","tripId":"692c3ae163e0bb6e49c24c22","userId":"692c39a363e0bb6e49c24bf4"}
{"bookingId":"692c3af016cd631bdb74b48a","isNew":true,"level":"info","message":"Parent booking retrieved/created","service":"payment-service","timestamp":"2025-11-30T12:39:12.042Z"}
{"bookingId":"692c3af016cd631bdb74b48a","level":"info","message":"Service linked to booking","newTotal":55592,"price":55592,"service":"payment-service","serviceId":"692c3af063e0bb6e49c24c2f","serviceType":"flights","timestamp":"2025-11-30T12:39:12.125Z"}
{"currency":"INR","level":"info","message":"Getting or creating parent booking","service":"payment-service","timestamp":"2025-11-30T13:42:38.982Z","tripId":"692c49be63e0bb6e49c24c43","userId":"689af64b751c55828c0b147d"}
{"bookingId":"692c49cf16cd631bdb74b529","isNew":true,"level":"info","message":"Parent booking retrieved/created","service":"payment-service","timestamp":"2025-11-30T13:42:39.061Z"}
{"bookingId":"692c49cf16cd631bdb74b529","level":"info","message":"Service linked to booking","newTotal":63548,"price":63548,"service":"payment-service","serviceId":"692c49cf63e0bb6e49c24c50","serviceType":"flights","timestamp":"2025-11-30T13:42:39.167Z"}
{"currency":"INR","level":"info","message":"Getting or creating parent booking","service":"payment-service","timestamp":"2025-12-06T06:58:50.325Z","tripId":"6933d3d963e0bb6e49c24c63","userId":"689af64b751c55828c0b147d"}
{"bookingId":"6933d42a16cd631bdb7694d7","isNew":true,"level":"info","message":"Parent booking retrieved/created","service":"payment-service","timestamp":"2025-12-06T06:58:50.402Z"}
{"bookingId":"6933d42a16cd631bdb7694d7","level":"info","message":"Service linked to booking","newTotal":155552,"price":155552,"service":"payment-service","serviceId":"6933d42a63e0bb6e49c24c70","serviceType":"flights","timestamp":"2025-12-06T06:58:50.479Z"}
{"currency":"INR","level":"info","message":"Getting or creating parent booking","service":"payment-service","timestamp":"2025-12-06T07:14:11.207Z","tripId":"6933d7a063e0bb6e49c24c84","userId":"689af64b751c55828c0b147d"}
{"bookingId":"6933d7c316cd631bdb7694e0","isNew":true,"level":"info","message":"Parent booking retrieved/created","service":"payment-service","timestamp":"2025-12-06T07:14:11.265Z"}
{"bookingId":"6933d7c316cd631bdb7694e0","level":"info","message":"Service linked to booking","newTotal":34560,"price":34560,"service":"payment-service","serviceId":"6933d7c363e0bb6e49c24c91","serviceType":"flights","timestamp":"2025-12-06T07:14:11.324Z"}
{"currency":"INR","level":"info","message":"Getting or creating parent booking","service":"payment-service","timestamp":"2025-12-06T07:18:40.274Z","tripId":"6933d86763e0bb6e49c24c9b","userId":"689af64b751c55828c0b147d"}
{"bookingId":"6933d8d016cd631bdb7694e1","isNew":true,"level":"info","message":"Parent booking retrieved/created","service":"payment-service","timestamp":"2025-12-06T07:18:40.392Z"}
{"bookingId":"6933d8d016cd631bdb7694e1","level":"info","message":"Service linked to booking","newTotal":34560,"price":34560,"service":"payment-service","serviceId":"6933d8d063e0bb6e49c24ca8","serviceType":"flights","timestamp":"2025-12-06T07:18:40.450Z"}
{"currency":"INR","level":"info","message":"Getting or creating parent booking","service":"payment-service","timestamp":"2025-12-07T04:33:51.395Z","tripId":"69350399a1584126fcf37373","userId":"689af64b751c55828c0b147d"}
{"bookingId":"693503af16cd631bdb76bed8","isNew":true,"level":"info","message":"Parent booking retrieved/created","service":"payment-service","timestamp":"2025-12-07T04:33:51.580Z"}
{"bookingId":"693503af16cd631bdb76bed8","level":"info","message":"Service linked to booking","newTotal":32785,"price":32785,"service":"payment-service","serviceId":"693503afa1584126fcf37380","serviceType":"flights","timestamp":"2025-12-07T04:33:51.703Z"}
{"currency":"INR","level":"info","message":"Getting or creating parent booking","service":"payment-service","timestamp":"2025-12-07T09:36:12.352Z","tripId":"69354a67a1584126fcf37397","userId":"689af64b751c55828c0b147d"}
{"bookingId":"69354a8c16cd631bdb76bf94","isNew":true,"level":"info","message":"Parent booking retrieved/created","service":"payment-service","timestamp":"2025-12-07T09:36:12.463Z"}
{"bookingId":"69354a8c16cd631bdb76bf94","level":"info","message":"Service linked to booking","newTotal":139780,"price":139780,"service":"payment-service","serviceId":"69354a8ca1584126fcf373a4","serviceType":"flights","timestamp":"2025-12-07T09:36:12.557Z"}
{"currency":"INR","level":"info","message":"Getting or creating parent booking","service":"payment-service","timestamp":"2025-12-07T09:38:39.001Z","tripId":"69354b06a1584126fcf373af","userId":"689af64b751c55828c0b147d"}
{"bookingId":"69354b1f16cd631bdb76bf95","isNew":true,"level":"info","message":"Parent booking retrieved/created","service":"payment-service","timestamp":"2025-12-07T09:38:39.082Z"}
{"bookingId":"69354b1f16cd631bdb76bf95","level":"info","message":"Service linked to booking","newTotal":32785,"price":32785,"service":"payment-service","serviceId":"69354b1fa1584126fcf373bc","serviceType":"flights","timestamp":"2025-12-07T09:38:39.174Z"}
{"currency":"INR","level":"info","message":"Getting or creating parent booking","service":"payment-service","timestamp":"2025-12-07T09:49:04.181Z","tripId":"69354b06a1584126fcf373af","userId":"689af64b751c55828c0b147d"}
{"bookingId":"69354d9016cd631bdb76bf9d","isNew":true,"level":"info","message":"Parent booking retrieved/created","service":"payment-service","timestamp":"2025-12-07T09:49:04.251Z"}
{"bookingId":"69354d9016cd631bdb76bf9d","level":"info","message":"Service linked to booking","newTotal":32785,"price":32785,"service":"payment-service","serviceId":"69354d90a1584126fcf373d7","serviceType":"flights","timestamp":"2025-12-07T09:49:04.360Z"}
{"currency":"INR","level":"info","message":"Getting or creating parent booking","service":"payment-service","timestamp":"2026-01-02T09:56:57.470Z","tripId":"69579491699bd8787f020b29","userId":"689af64b751c55828c0b147d"}
{"bookingId":"69579669fcac933731b35498","isNew":true,"level":"info","message":"Parent booking retrieved/created","service":"payment-service","timestamp":"2026-01-02T09:56:57.604Z"}
{"bookingId":"69579669fcac933731b35498","level":"info","message":"Service linked to booking","newTotal":19064,"price":19064,"service":"payment-service","serviceId":"69579669699bd8787f020b66","serviceType":"hotels","timestamp":"2026-01-02T09:56:57.747Z"}
{"currency":"INR","level":"info","message":"Getting or creating parent booking","service":"payment-service","timestamp":"2026-01-02T10:42:36.448Z","tripId":"6957a0c3699bd8787f020b76","userId":"69574f408f1f160928d33f06"}
{"bookingId":"6957a11cfcac933731b355a1","isNew":true,"level":"info","message":"Parent booking retrieved/created","service":"payment-service","timestamp":"2026-01-02T10:42:36.566Z"}
{"bookingId":"6957a11cfcac933731b355a1","level":"info","message":"Service linked to booking","newTotal":19064,"price":19064,"service":"payment-service","serviceId":"6957a11c699bd8787f020bab","serviceType":"hotels","timestamp":"2026-01-02T10:42:36.775Z"}
{"currency":"INR","level":"info","message":"Getting or creating parent booking","service":"payment-service","timestamp":"2026-01-11T15:17:39.010Z","tripId":"6963bf0125c2dcf5c8908d37","userId":"689af64b751c55828c0b147d"}
{"bookingId":"6963bf13fcac933731b434a7","isNew":true,"level":"info","message":"Parent booking retrieved/created","service":"payment-service","timestamp":"2026-01-11T15:17:39.154Z"}
{"bookingId":"6963bf13fcac933731b434a7","level":"info","message":"Service linked to booking","newTotal":58808,"price":58808,"service":"payment-service","serviceId":"6963bf1325c2dcf5c8908d44","serviceType":"flights","timestamp":"2026-01-11T15:17:39.330Z"}
{"currency":"INR","level":"info","message":"Getting or creating parent booking","service":"payment-service","timestamp":"2026-01-11T15:44:59.298Z","tripId":"6963c55d15d4b0c6a273f9f1","userId":"689af64b751c55828c0b147d"}
{"bookingId":"6963c57bfcac933731b434c7","isNew":true,"level":"info","message":"Parent booking retrieved/created","service":"payment-service","timestamp":"2026-01-11T15:44:59.385Z"}
{"bookingId":"6963c57bfcac933731b434c7","level":"info","message":"Service linked to booking","newTotal":58808,"price":58808,"service":"payment-service","serviceId":"6963c57b15d4b0c6a273f9fe","serviceType":"flights","timestamp":"2026-01-11T15:44:59.614Z"}
{"currency":"INR","level":"info","message":"Getting or creating parent booking","service":"payment-service","timestamp":"2026-01-11T16:00:49.397Z","tripId":"6963c55d15d4b0c6a273f9f1","userId":"689af64b751c55828c0b147d"}
{"bookingId":"6963c57bfcac933731b434c7","isNew":false,"level":"info","message":"Parent booking retrieved/created","service":"payment-service","timestamp":"2026-01-11T16:00:49.626Z"}
{"bookingId":"6963c57bfcac933731b434c7","level":"info","message":"Service linked to booking","newTotal":117616,"price":58808,"service":"payment-service","serviceId":"6963c93115d4b0c6a273fa14","serviceType":"flights","timestamp":"2026-01-11T16:00:49.902Z"}
{"currency":"INR","level":"info","message":"Getting or creating parent booking","service":"payment-service","timestamp":"2026-01-12T02:54:49.710Z","tripId":"6964626487ef064567398410","userId":"689af64b751c55828c0b147d"}
{"bookingId":"69646279fcac933731b437ac","isNew":true,"level":"info","message":"Parent booking retrieved/created","service":"payment-service","timestamp":"2026-01-12T02:54:49.794Z"}
{"bookingId":"69646279fcac933731b437ac","level":"info","message":"Service linked to booking","newTotal":62136,"price":62136,"service":"payment-service","serviceId":"6964627987ef06456739841d","serviceType":"flights","timestamp":"2026-01-12T02:54:49.981Z"}
{"currency":"INR","level":"info","message":"Getting or creating parent booking","service":"payment-service","timestamp":"2026-01-12T03:05:31.674Z","tripId":"6964626487ef064567398410","userId":"689af64b751c55828c0b147d"}
{"bookingId":"69646279fcac933731b437ac","isNew":false,"level":"info","message":"Parent booking retrieved/created","service":"payment-service","timestamp":"2026-01-12T03:05:31.759Z"}
{"bookingId":"69646279fcac933731b437ac","level":"info","message":"Service linked to booking","newTotal":124272,"price":62136,"service":"payment-service","serviceId":"696464fb87ef06456739842e","serviceType":"flights","timestamp":"2026-01-12T03:05:31.894Z"}
{"currency":"INR","level":"info","message":"Getting or creating parent booking","service":"payment-service","timestamp":"2026-01-12T03:22:54.174Z","tripId":"6964626487ef064567398410","userId":"689af64b751c55828c0b147d"}
{"bookingId":"69646279fcac933731b437ac","isNew":false,"level":"info","message":"Parent booking retrieved/created","service":"payment-service","timestamp":"2026-01-12T03:22:54.246Z"}
{"bookingId":"69646279fcac933731b437ac","level":"info","message":"Service linked to booking","newTotal":186408,"price":62136,"service":"payment-service","serviceId":"6964690e87ef06456739844c","serviceType":"flights","timestamp":"2026-01-12T03:22:54.383Z"}
{"currency":"INR","level":"info","message":"Getting or creating parent booking","service":"payment-service","timestamp":"2026-01-12T03:24:22.508Z","tripId":"6964695787ef064567398458","userId":"689af64b751c55828c0b147d"}
{"bookingId":"69646966fcac933731b437bd","isNew":true,"level":"info","message":"Parent booking retrieved/created","service":"payment-service","timestamp":"2026-01-12T03:24:22.588Z"}
{"bookingId":"69646966fcac933731b437bd","level":"info","message":"Service linked to booking","newTotal":58808,"price":58808,"service":"payment-service","serviceId":"6964696687ef064567398465","serviceType":"flights","timestamp":"2026-01-12T03:24:22.722Z"}
{"currency":"INR","level":"info","message":"Getting or creating parent booking","service":"payment-service","timestamp":"2026-01-15T04:40:43.020Z","tripId":"69686fbb87ef064567398478","userId":"689af64b751c55828c0b147d"}
{"bookingId":"69686fcb57da0d60e25d3fc9","isNew":true,"level":"info","message":"Parent booking retrieved/created","service":"payment-service","timestamp":"2026-01-15T04:40:43.129Z"}
{"bookingId":"69686fcb57da0d60e25d3fc9","level":"info","message":"Service linked to booking","newTotal":58816,"price":58816,"service":"payment-service","serviceId":"69686fcb87ef064567398485","serviceType":"flights","timestamp":"2026-01-15T04:40:43.294Z"}
{"currency":"INR","level":"info","message":"Getting or creating parent booking","service":"payment-service","timestamp":"2026-01-15T05:56:30.285Z","tripId":"6968817e87ef0645673984ba","userId":"689af64b751c55828c0b147d"}
{"bookingId":"6968818e57da0d60e25d42d9","isNew":true,"level":"info","message":"Parent booking retrieved/created","service":"payment-service","timestamp":"2026-01-15T05:56:30.403Z"}
{"bookingId":"6968818e57da0d60e25d42d9","level":"info","message":"Service linked to booking","newTotal":58816,"price":58816,"service":"payment-service","serviceId":"6968818e87ef0645673984c7","serviceType":"flights","timestamp":"2026-01-15T05:56:30.550Z"}
{"currency":"INR","level":"info","message":"Getting or creating parent booking","service":"payment-service","timestamp":"2026-01-15T06:39:31.422Z","tripId":"69688b8f87ef0645673984d8","userId":"689af64b751c55828c0b147d"}
{"bookingId":"69688ba357da0d60e25d45d5","isNew":true,"level":"info","message":"Parent booking retrieved/created","service":"payment-service","timestamp":"2026-01-15T06:39:31.506Z"}
{"bookingId":"69688ba357da0d60e25d45d5","level":"info","message":"Service linked to booking","newTotal":91852,"price":91852,"service":"payment-service","serviceId":"69688ba387ef0645673984e5","serviceType":"flights","timestamp":"2026-01-15T06:39:31.663Z"}
{"currency":"INR","level":"info","message":"Getting or creating parent booking","service":"payment-service","timestamp":"2026-01-15T06:49:58.878Z","tripId":"69688e0587ef0645673984fd","userId":"689af64b751c55828c0b147d"}
{"bookingId":"69688e1657da0d60e25d45df","isNew":true,"level":"info","message":"Parent booking retrieved/created","service":"payment-service","timestamp":"2026-01-15T06:49:58.973Z"}
{"bookingId":"69688e1657da0d60e25d45df","level":"info","message":"Service linked to booking","newTotal":58816,"price":58816,"service":"payment-service","serviceId":"69688e1687ef06456739850a","serviceType":"flights","timestamp":"2026-01-15T06:49:59.424Z"}
{"currency":"INR","level":"info","message":"Getting or creating parent booking","service":"payment-service","timestamp":"2026-01-15T08:57:51.366Z","tripId":"6968abb8d5891268fa5f9a11","userId":"689af64b751c55828c0b147d"}
{"bookingId":"6968ac0f57da0d60e25d46ae","isNew":true,"level":"info","message":"Parent booking retrieved/created","service":"payment-service","timestamp":"2026-01-15T08:57:51.472Z"}
{"bookingId":"6968ac0f57da0d60e25d46ae","level":"info","message":"Service linked to booking","newTotal":58816,"price":58816,"service":"payment-service","serviceId":"6968ac0fd5891268fa5f9a1e","serviceType":"flights","timestamp":"2026-01-15T08:57:51.592Z"}
{"currency":"INR","level":"info","message":"Getting or creating parent booking","service":"payment-service","timestamp":"2026-01-15T13:47:38.798Z","tripId":"6968efefd5891268fa5f9a32","userId":"689af64b751c55828c0b147d"}
{"bookingId":"6968effa57da0d60e25d7033","isNew":true,"level":"info","message":"Parent booking retrieved/created","service":"payment-service","timestamp":"2026-01-15T13:47:38.879Z"}
{"bookingId":"6968effa57da0d60e25d7033","level":"info","message":"Service linked to booking","newTotal":57136,"price":57136,"service":"payment-service","serviceId":"6968effad5891268fa5f9a3f","serviceType":"flights","timestamp":"2026-01-15T13:47:38.999Z"}
{"currency":"INR","level":"info","message":"Getting or creating parent booking","service":"payment-service","timestamp":"2026-01-25T16:37:06.990Z","tripId":"6976469fb91d27d99d65d12a","userId":"689af64b751c55828c0b147d"}
{"bookingId":"697646b38eadae6071519454","isNew":true,"level":"info","message":"Parent booking retrieved/created","service":"payment-service","timestamp":"2026-01-25T16:37:07.061Z"}
{"bookingId":"697646b38eadae6071519454","level":"info","message":"Service linked to booking","newTotal":57188,"price":57188,"service":"payment-service","serviceId":"697646b3b91d27d99d65d137","serviceType":"flights","timestamp":"2026-01-25T16:37:07.148Z"}
{"currency":"INR","level":"info","message":"Getting or creating parent booking","service":"payment-service","timestamp":"2026-01-25T16:43:43.542Z","tripId":"69764818b91d27d99d65d14a","userId":"689af64b751c55828c0b147d"}
{"bookingId":"6976483f8eadae607151945f","isNew":true,"level":"info","message":"Parent booking retrieved/created","service":"payment-service","timestamp":"2026-01-25T16:43:43.588Z"}
{"bookingId":"6976483f8eadae607151945f","level":"info","message":"Service linked to booking","newTotal":14297,"price":14297,"service":"payment-service","serviceId":"6976483fb91d27d99d65d157","serviceType":"flights","timestamp":"2026-01-25T16:43:43.656Z"}
{"currency":"INR","level":"info","message":"Getting or creating parent booking","service":"payment-service","timestamp":"2026-01-25T17:19:37.675Z","tripId":"6976508ab91d27d99d65d16d","userId":"689af64b751c55828c0b147d"}
{"bookingId":"697650a98eadae6071519488","isNew":true,"level":"info","message":"Parent booking retrieved/created","service":"payment-service","timestamp":"2026-01-25T17:19:37.737Z"}
{"bookingId":"697650a98eadae6071519488","level":"info","message":"Service linked to booking","newTotal":57188,"price":57188,"service":"payment-service","serviceId":"697650a9b91d27d99d65d17a","serviceType":"flights","timestamp":"2026-01-25T17:19:37.811Z"}
{"currency":"INR","level":"info","message":"Getting or creating parent booking","service":"payment-service","timestamp":"2026-01-31T16:40:46.085Z","tripId":"697e307bb655523efc3b6dc3","userId":"689af64b751c55828c0b147d"}
{"bookingId":"697e308e0d5528aca24043af","isNew":true,"level":"info","message":"Parent booking retrieved/created","service":"payment-service","timestamp":"2026-01-31T16:40:46.189Z"}
{"bookingId":"697e308e0d5528aca24043af","level":"info","message":"Service linked to booking","newTotal":57196,"price":57196,"service":"payment-service","serviceId":"697e308eb655523efc3b6dd0","serviceType":"flights","timestamp":"2026-01-31T16:40:46.263Z"}
{"currency":"INR","level":"info","message":"Getting or creating parent booking","service":"payment-service","timestamp":"2026-01-31T16:42:00.798Z","tripId":"697e30c7b655523efc3b6dd6","userId":"689af64b751c55828c0b147d"}
{"bookingId":"697e30d80d5528aca24043b5","isNew":true,"level":"info","message":"Parent booking retrieved/created","service":"payment-service","timestamp":"2026-01-31T16:42:00.859Z"}
{"bookingId":"697e30d80d5528aca24043b5","level":"info","message":"Service linked to booking","newTotal":14299,"price":14299,"service":"payment-service","serviceId":"697e30d8b655523efc3b6de3","serviceType":"flights","timestamp":"2026-01-31T16:42:00.936Z"}
{"currency":"INR","level":"info","message":"Getting or creating parent booking","service":"payment-service","timestamp":"2026-02-07T04:19:32.061Z","tripId":"6986bcb8606885d5224b2e91","userId":"689af64b751c55828c0b147d"}
{"bookingId":"6986bd54545bd68564ddf51c","isNew":true,"level":"info","message":"Parent booking retrieved/created","service":"payment-service","timestamp":"2026-02-07T04:19:32.237Z"}
{"bookingId":"6986bd54545bd68564ddf51c","level":"info","message":"Service linked to booking","newTotal":14259,"price":14259,"service":"payment-service","serviceId":"6986bd54606885d5224b2e9e","serviceType":"flights","timestamp":"2026-02-07T04:19:32.314Z"}
{"currency":"INR","level":"info","message":"Getting or creating parent booking","service":"payment-service","timestamp":"2026-02-07T04:33:34.952Z","tripId":"6986bcb8606885d5224b2e91","userId":"689af64b751c55828c0b147d"}
{"bookingId":"6986bd54545bd68564ddf51c","isNew":false,"level":"info","message":"Parent booking retrieved/created","service":"payment-service","timestamp":"2026-02-07T04:33:35.085Z"}
{"bookingId":"6986bd54545bd68564ddf51c","level":"info","message":"Service linked to booking","newTotal":41319,"price":27060,"service":"payment-service","serviceId":"6986c09f606885d5224b2ed0","serviceType":"hotels","timestamp":"2026-02-07T04:33:35.220Z"}
